# JRE version: OpenJDK Runtime Environment Temurin-11.0.16+8 (11.0.16+8) (build 11.0.16+8)
# Java VM: OpenJDK 64-Bit Server VM Temurin-11.0.16+8 (11.0.16+8, mixed mode, tiered, compressed oops, g1 gc, windows-amd64)
Heap:
 garbage-first heap   total 524288K, used 139220K [0x0000000601400000, 0x0000000800000000)
  region size 2048K, 64 young (131072K), 5 survivors (10240K)
 Metaspace       used 39934K, capacity 42708K, committed 42880K, reserved 1087488K
  class space    used 4047K, capacity 4986K, committed 4992K, reserved 1048576K
GC Heap History (10 events):
Event: 1.693 GC heap before
{Heap before GC invocations=0 (full 0):
 garbage-first heap   total 524288K, used 24576K [0x0000000601400000, 0x0000000800000000)
  region size 2048K, 12 young (24576K), 0 survivors (0K)
 Metaspace       used 13734K, capacity 13973K, committed 14208K, reserved 1062912K
  class space    used 1246K, capacity 1329K, committed 1408K, reserved 1048576K
}
Event: 1.698 GC heap after
{Heap after GC invocations=1 (full 0):
 garbage-first heap   total 524288K, used 3771K [0x0000000601400000, 0x0000000800000000)
  region size 2048K, 2 young (4096K), 2 survivors (4096K)
 Metaspace       used 13734K, capacity 13973K, committed 14208K, reserved 1062912K
  class space    used 1246K, capacity 1329K, committed 1408K, reserved 1048576K
}
Event: 6.239 GC heap before
{Heap before GC invocations=1 (full 0):
 garbage-first heap   total 524288K, used 89787K [0x0000000601400000, 0x0000000800000000)
  region size 2048K, 45 young (92160K), 2 survivors (4096K)
 Metaspace       used 20330K, capacity 21117K, committed 21248K, reserved 1069056K
  class space    used 1920K, capacity 2194K, committed 2304K, reserved 1048576K
}
Event: 6.245 GC heap after
{Heap after GC invocations=2 (full 0):
 garbage-first heap   total 524288K, used 11829K [0x0000000601400000, 0x0000000800000000)
  region size 2048K, 6 young (12288K), 6 survivors (12288K)
 Metaspace       used 20330K, capacity 21117K, committed 21248K, reserved 1069056K
  class space    used 1920K, capacity 2194K, committed 2304K, reserved 1048576K
}
Event: 7.224 GC heap before
{Heap before GC invocations=3 (full 0):
 garbage-first heap   total 524288K, used 106037K [0x0000000601400000, 0x0000000800000000)
  region size 2048K, 52 young (106496K), 6 survivors (12288K)
 Metaspace       used 29692K, capacity 31632K, committed 31872K, reserved 1077248K
  class space    used 2988K, capacity 3649K, committed 3712K, reserved 1048576K
}
Event: 7.231 GC heap after
{Heap after GC invocations=4 (full 0):
 garbage-first heap   total 524288K, used 14779K [0x0000000601400000, 0x0000000800000000)
  region size 2048K, 2 young (4096K), 2 survivors (4096K)
 Metaspace       used 29692K, capacity 31632K, committed 31872K, reserved 1077248K
  class space    used 2988K, capacity 3649K, committed 3712K, reserved 1048576K
}
Event: 7.281 GC heap before
{Heap before GC invocations=4 (full 0):
 garbage-first heap   total 524288K, used 129467K [0x0000000601400000, 0x0000000800000000)
  region size 2048K, 58 young (118784K), 2 survivors (4096K)
 Metaspace       used 29813K, capacity 31764K, committed 31872K, reserved 1077248K
  class space    used 2988K, capacity 3649K, committed 3712K, reserved 1048576K
}
Event: 7.283 GC heap after
{Heap after GC invocations=5 (full 0):
 garbage-first heap   total 524288K, used 14455K [0x0000000601400000, 0x0000000800000000)
  region size 2048K, 2 young (4096K), 2 survivors (4096K)
 Metaspace       used 29813K, capacity 31764K, committed 31872K, reserved 1077248K
  class space    used 2988K, capacity 3649K, committed 3712K, reserved 1048576K
}
Event: 8.620 GC heap before
{Heap before GC invocations=5 (full 0):
 garbage-first heap   total 524288K, used 133239K [0x0000000601400000, 0x0000000800000000)
  region size 2048K, 61 young (124928K), 2 survivors (4096K)
 Metaspace       used 33506K, capacity 35691K, committed 35840K, reserved 1081344K
  class space    used 3389K, capacity 4089K, committed 4096K, reserved 1048576K
}
Event: 8.626 GC heap after
{Heap after GC invocations=6 (full 0):
 garbage-first heap   total 524288K, used 20436K [0x0000000601400000, 0x0000000800000000)
  region size 2048K, 5 young (10240K), 5 survivors (10240K)
 Metaspace       used 33506K, capacity 35691K, committed 35840K, reserved 1081344K
  class space    used 3389K, capacity 4089K, committed 4096K, reserved 1048576K
}

