# JRE version: OpenJDK Runtime Environment Temurin-11.0.17+8 (11.0.17+8) (build 11.0.17+8)
# Java VM: OpenJDK 64-Bit Server VM Temurin-11.0.17+8 (11.0.17+8, mixed mode, tiered, compressed oops, g1 gc, windows-amd64)
Heap:
 garbage-first heap   total 524288K, used 68178K [0x0000000601400000, 0x0000000800000000)
  region size 2048K, 29 young (59392K), 1 survivors (2048K)
 Metaspace       used 48755K, capacity 50566K, committed 50640K, reserved 1093632K
  class space    used 5321K, capacity 6015K, committed 6016K, reserved 1048576K
GC Heap History (8 events):
Event: 0.553 GC heap before
{Heap before GC invocations=0 (full 0):
 garbage-first heap   total 524288K, used 26624K [0x0000000601400000, 0x0000000800000000)
  region size 2048K, 12 young (24576K), 0 survivors (0K)
 Metaspace       used 18025K, capacity 18381K, committed 18432K, reserved 1064960K
  class space    used 1893K, capacity 2045K, committed 2048K, reserved 1048576K
}
Event: 0.556 GC heap after
{Heap after GC invocations=1 (full 0):
 garbage-first heap   total 524288K, used 8174K [0x0000000601400000, 0x0000000800000000)
  region size 2048K, 2 young (4096K), 2 survivors (4096K)
 Metaspace       used 18025K, capacity 18381K, committed 18432K, reserved 1064960K
  class space    used 1893K, capacity 2045K, committed 2048K, reserved 1048576K
}
Event: 1.616 GC heap before
{Heap before GC invocations=1 (full 0):
 garbage-first heap   total 524288K, used 12270K [0x0000000601400000, 0x0000000800000000)
  region size 2048K, 5 young (10240K), 2 survivors (4096K)
 Metaspace       used 20718K, capacity 21119K, committed 21296K, reserved 1069056K
  class space    used 2162K, capacity 2338K, committed 2432K, reserved 1048576K
}
Event: 1.620 GC heap after
{Heap after GC invocations=2 (full 0):
 garbage-first heap   total 524288K, used 9809K [0x0000000601400000, 0x0000000800000000)
  region size 2048K, 3 young (6144K), 3 survivors (6144K)
 Metaspace       used 20718K, capacity 21119K, committed 21296K, reserved 1069056K
  class space    used 2162K, capacity 2338K, committed 2432K, reserved 1048576K
}
Event: 2.472 GC heap before
{Heap before GC invocations=3 (full 0):
 garbage-first heap   total 524288K, used 44625K [0x0000000601400000, 0x0000000800000000)
  region size 2048K, 21 young (43008K), 3 survivors (6144K)
 Metaspace       used 34687K, capacity 35640K, committed 35760K, reserved 1081344K
  class space    used 3856K, capacity 4257K, committed 4352K, reserved 1048576K
}
Event: 2.478 GC heap after
{Heap after GC invocations=4 (full 0):
 garbage-first heap   total 524288K, used 14298K [0x0000000601400000, 0x0000000800000000)
  region size 2048K, 3 young (6144K), 3 survivors (6144K)
 Metaspace       used 34687K, capacity 35640K, committed 35760K, reserved 1081344K
  class space    used 3856K, capacity 4257K, committed 4352K, reserved 1048576K
}
Event: 2.489 GC heap before
{Heap before GC invocations=4 (full 0):
 garbage-first heap   total 524288K, used 16346K [0x0000000601400000, 0x0000000800000000)
  region size 2048K, 5 young (10240K), 3 survivors (6144K)
 Metaspace       used 34864K, capacity 35841K, committed 35920K, reserved 1081344K
  class space    used 3878K, capacity 4324K, committed 4352K, reserved 1048576K
}
Event: 2.492 GC heap after
{Heap after GC invocations=5 (full 0):
 garbage-first heap   total 524288K, used 14930K [0x0000000601400000, 0x0000000800000000)
  region size 2048K, 1 young (2048K), 1 survivors (2048K)
 Metaspace       used 34864K, capacity 35841K, committed 35920K, reserved 1081344K
  class space    used 3878K, capacity 4324K, committed 4352K, reserved 1048576K
}

